Build started 2016/8/25 22:26:49.
     1>Project "C:\Users\ming\Documents\MR_DWI\DicomWidget\Build\DicomUI.vcxproj" on node 2 (Build target(s)).
     1>PreBuildEvent:
         setlocal
         cd C:\Users\ming\Documents\MR_DWI\DicomWidget\Build
         if %errorlevel% neq 0 goto :cmEnd
         C:
         if %errorlevel% neq 0 goto :cmEnd
         "E:\Program Files\CMake\bin\cmake.exe" -E cmake_autogen C:/Users/ming/Documents/MR_DWI/DicomWidget/Build/CMakeFiles/DicomUI_automoc.dir/ Debug
         if %errorlevel% neq 0 goto :cmEnd
         :cmEnd
         endlocal & call :cmErrorLevel %errorlevel% & goto :cmDone
         :cmErrorLevel
         exit /b %1
         :cmDone
         if %errorlevel% neq 0 goto :VCEnd
         :VCEnd
       Link:
         E:\Program Files (x86)\Microsoft Visual Studio 12.0\VC\bin\x86_amd64\link.exe /ERRORREPORT:PROMPT /OUT:"C:\Users\ming\Documents\MR_DWI\DicomWidget\Build\Debug\DicomUI.exe" /INCREMENTAL /NOLOGO kernel32.lib user32.lib gdi32.lib winspool.lib shell32.lib ole32.lib oleaut32.lib uuid.lib comdlg32.lib advapi32.lib "E:\Tech318\MITK\MITK\Build\ep\src\CTK-build\CTK-build\bin\Debug\CTKDICOMWidgets.lib" "E:\Tech318\MITK\MITK\Build\ep\src\CTK-build\CTK-build\bin\Debug\CTKDICOMCore.lib" E:\Qt\QT57\5.7\msvc2013_64\lib\Qt5Sqld.lib E:\Tech318\MITK\MITK\Build\ep\lib\i2dd.lib E:\Tech318\MITK\MITK\Build\ep\lib\dcmjpegd.lib E:\Tech318\MITK\MITK\Build\ep\lib\ijg8d.lib E:\Tech318\MITK\MITK\Build\ep\lib\ijg12d.lib E:\Tech318\MITK\MITK\Build\ep\lib\ijg16d.lib E:\Tech318\MITK\MITK\Build\ep\lib\dcmjplsd.lib E:\Tech318\MITK\MITK\Build\ep\lib\charlsd.lib E:\Tech318\MITK\MITK\Build\ep\lib\cmrd.lib E:\Tech318\MITK\MITK\Build\ep\lib\dcmwlmd.lib E:\Tech318\MITK\MITK\Build\ep\lib\dcmpstatd.lib E:\Tech318\MITK\MITK\Build\ep\lib\dcmtlsd.lib E:\Tech318\MITK\MITK\Build\ep\lib\dcmsrd.lib E:\Tech318\MITK\MITK\Build\ep\lib\dcmimaged.lib E:\Tech318\MITK\MITK\Build\ep\lib\dcmdsigd.lib E:\Tech318\MITK\MITK\Build\ep\lib\dcmqrdbd.lib E:\Tech318\MITK\MITK\Build\ep\lib\dcmnetd.lib E:\Tech318\MITK\MITK\Build\ep\lib\dcmrtd.lib E:\Tech318\MITK\MITK\Build\ep\lib\dcmimgled.lib E:\Tech318\MITK\MITK\Build\ep\lib\dcmsegd.lib E:\Tech318\MITK\MITK\Build\ep\lib\dcmfgd.lib E:\Tech318\MITK\MITK\Build\ep\lib\dcmiodd.lib E:\Tech318\MITK\MITK\Build\ep\lib\dcmdatad.lib E:\Tech318\MITK\MITK\Build\ep\lib\oflogd.lib E:\Tech318\MITK\MITK\Build\ep\lib\ofstdd.lib ws2_32.lib netapi32.lib wsock32.lib "E:\Tech318\MITK\MITK\Build\ep\src\CTK-build\CTK-build\bin\Debug\CTKWidgets.lib" E:\Qt\QT57\5.7\msvc2013_64\lib\Qt5OpenGLd.lib E:\Qt\QT57\5.7\msvc2013_64\lib\Qt5Widgetsd.lib E:\Qt\QT57\5.7\msvc2013_64\lib\Qt5Guid.lib E:\Qt\QT57\5.7\msvc2013_64\lib\Qt5Xmld.lib "E:\Tech318\MITK\MITK\Build\ep\src\CTK-build\CTK-build\bin\Debug\CTKCore.lib" E:\Qt\QT57\5.7\msvc2013_64\lib\Qt5Cored.lib dbghelp.lib /MANIFEST /MANIFESTUAC:"level='asInvoker' uiAccess='false'" /manifest:embed /DEBUG /PDB:"C:/Users/ming/Documents/MR_DWI/DicomWidget/Build/Debug/DicomUI.pdb" /SUBSYSTEM:CONSOLE /TLBID:1 /DYNAMICBASE /NXCOMPAT /IMPLIB:"C:/Users/ming/Documents/MR_DWI/DicomWidget/Build/Debug/DicomUI.lib" /MACHINE:X64  /machine:x64 DicomUI.dir\Debug\QmitkDicomLocalStorageWidget.obj
         DicomUI.dir\Debug\QmitkDicomExternalDataWidget.obj
         DicomUI.dir\Debug\DicomUI_automoc.obj
     1>MSVCRTD.lib(crtexe.obj) : error LNK2019: unresolved external symbol main referenced in function __tmainCRTStartup
     1>C:\Users\ming\Documents\MR_DWI\DicomWidget\Build\Debug\DicomUI.exe : fatal error LNK1120: 1 unresolved externals
     1>Done Building Project "C:\Users\ming\Documents\MR_DWI\DicomWidget\Build\DicomUI.vcxproj" (Build target(s)) -- FAILED.

Build FAILED.

Time Elapsed 00:00:00.25
