Build started 2016/8/25 22:12:34.
     1>Project "C:\Users\ming\Documents\MR_DWI\DicomWidget\Build\DicomUI.vcxproj" on node 2 (Build target(s)).
     1>PreBuildEvent:
         setlocal
         cd C:\Users\ming\Documents\MR_DWI\DicomWidget\Build
         if %errorlevel% neq 0 goto :cmEnd
         C:
         if %errorlevel% neq 0 goto :cmEnd
         "E:\Program Files\CMake\bin\cmake.exe" -E cmake_autogen C:/Users/ming/Documents/MR_DWI/DicomWidget/Build/CMakeFiles/DicomUI_automoc.dir/ Release
         if %errorlevel% neq 0 goto :cmEnd
         :cmEnd
         endlocal & call :cmErrorLevel %errorlevel% & goto :cmDone
         :cmErrorLevel
         exit /b %1
         :cmDone
         if %errorlevel% neq 0 goto :VCEnd
         :VCEnd
       CustomBuild:
         Building Custom Rule C:/Users/ming/Documents/MR_DWI/DicomWidget/CMakeLists.txt
         CMake does not need to re-run because C:\Users\ming\Documents\MR_DWI\DicomWidget\Build\CMakeFiles\generate.stamp is up-to-date.
         Generating ui_QmitkDicomLocalStorageWidgetControls.h
         Generating ui_QmitkDicomExternalDataWidgetControls.h
       ClCompile:
         E:\Program Files (x86)\Microsoft Visual Studio 12.0\VC\bin\x86_amd64\CL.exe /c /IE:\Tech318\MITK\MITK\Build\ep\src\CTK\Libs\Core /I"E:\Tech318\MITK\MITK\Build\ep\src\CTK-build\CTK-build\Libs\Core" /I"E:\Tech318\MITK\MITK\Build\ep\src\CTK-build\CTK-build" /IE:\Tech318\MITK\MITK\Build\ep\src\CTK\Libs\PluginFramework /I"E:\Tech318\MITK\MITK\Build\ep\src\CTK-build\CTK-build\Libs\PluginFramework" /IE:\Tech318\MITK\MITK\Build\ep\src\CTK\Libs\Widgets /I"E:\Tech318\MITK\MITK\Build\ep\src\CTK-build\CTK-build\Libs\Widgets" /IE:\Tech318\MITK\MITK\Build\ep\src\CTK\Libs\DICOM\Core /I"E:\Tech318\MITK\MITK\Build\ep\src\CTK-build\CTK-build\Libs\DICOM\Core" /IE:\Tech318\MITK\MITK\Build\ep\include\dcmtk\config /IE:\Tech318\MITK\MITK\Build\ep\include\dcmtk\ofstd /IE:\Tech318\MITK\MITK\Build\ep\include\dcmtk\oflog /IE:\Tech318\MITK\MITK\Build\ep\include\dcmtk\dcmdata /IE:\Tech318\MITK\MITK\Build\ep\include\dcmtk\dcmimgle /IE:\Tech318\MITK\MITK\Build\ep\include\dcmtk\dcmimage /IE:\Tech318\MITK\MITK\Build\ep\include\dcmtk\dcmjpeg /IE:\Tech318\MITK\MITK\Build\ep\include\dcmtk\dcmjpls /IE:\Tech318\MITK\MITK\Build\ep\include\dcmtk\dcmtls /IE:\Tech318\MITK\MITK\Build\ep\include\dcmtk\dcmnet /IE:\Tech318\MITK\MITK\Build\ep\include\dcmtk\dcmsr /IE:\Tech318\MITK\MITK\Build\ep\include\dcmtk\dcmsign /IE:\Tech318\MITK\MITK\Build\ep\include\dcmtk\dcmwlm /IE:\Tech318\MITK\MITK\Build\ep\include\dcmtk\dcmqrdb /IE:\Tech318\MITK\MITK\Build\ep\include\dcmtk\dcmpstat /IE:\Tech318\MITK\MITK\Build\ep\include\dcmtk\dcmrt /IE:\Tech318\MITK\MITK\Build\ep\include\dcmtk\dcmiod /IE:\Tech318\MITK\MITK\Build\ep\include\dcmtk\dcmfg /IE:\Tech318\MITK\MITK\Build\ep\include\dcmtk\dcmseg /IE:\Tech318\MITK\MITK\Build\ep\include /IE:\Tech318\MITK\MITK\Build\ep\src\CTK\Libs\DICOM\Widgets /I"E:\Tech318\MITK\MITK\Build\ep\src\CTK-build\CTK-build\Libs\DICOM\Widgets" /IE:\Tech318\MITK\MITK\Build\ep\src\CTK\Libs\CommandLineModules\Core /I"E:\Tech318\MITK\MITK\Build\ep\src\CTK-build\CTK-build\Libs\CommandLineModules\Core" /IE:\Tech318\MITK\MITK\Build\ep\src\CTK\Libs\CommandLineModules\Frontend\QtGui /I"E:\Tech318\MITK\MITK\Build\ep\src\CTK-build\CTK-build\Libs\CommandLineModules\Frontend\QtGui" /IE:\Tech318\MITK\MITK\Build\ep\src\CTK\Libs\CommandLineModules\Backend\LocalProcess /I"E:\Tech318\MITK\MITK\Build\ep\src\CTK-build\CTK-build\Libs\CommandLineModules\Backend\LocalProcess" /IE:\Tech318\MITK\MITK\Build\ep\src\CTK\Libs\XNAT\Core /I"E:\Tech318\MITK\MITK\Build\ep\src\CTK-build\CTK-build\Libs\XNAT\Core" /I"E:\Tech318\MITK\MITK\Build\ep\src\CTK-build\qRestAPI" /I"E:\Tech318\MITK\MITK\Build\ep\src\CTK-build\qRestAPI-build" /IE:\Tech318\MITK\MITK\Build\ep\src\CTK\Libs\Testing /I"E:\Tech318\MITK\MITK\Build\ep\src\CTK-build\CTK-build\Libs\Testing" /IC:\Users\ming\Documents\MR_DWI\DicomWidget\Build /IC:\Users\ming\Documents\MR_DWI\DicomWidget /IE:\Qt\QT57\5.7\msvc2013_64\include /IE:\Qt\QT57\5.7\msvc2013_64\include\QtCore /I"E:\Qt\QT57\5.7\msvc2013_64\.\mkspecs\win32-msvc2013" /IE:\Qt\QT57\5.7\msvc2013_64\include\QtGui /IE:\Qt\QT57\5.7\msvc2013_64\include\QtWidgets /IE:\Qt\QT57\5.7\msvc2013_64\include\QtSql /IE:\Qt\QT57\5.7\msvc2013_64\include\QtOpenGL /IE:\Qt\QT57\5.7\msvc2013_64\include\QtXml /nologo /W3 /WX- /O2 /Ob2 /D WIN32 /D _WINDOWS /D NDEBUG /D QT_CORE_LIB /D QT_GUI_LIB /D QT_WIDGETS_LIB /D QT_SQL_LIB /D QT_OPENGL_LIB /D QT_XML_LIB /D QT_NO_DEBUG /D "CMAKE_INTDIR=\"Release\"" /D _MBCS /Gm- /EHsc /MD /GS /fp:precise /Zc:wchar_t /Zc:forScope /GR /Fo"DicomUI.dir\Release\\" /Fd"DicomUI.dir\Release\vc120.pdb" /Gd /TP /errorReport:prompt C:\Users\ming\Documents\MR_DWI\DicomWidget\QmitkDicomLocalStorageWidget.cpp C:\Users\ming\Documents\MR_DWI\DicomWidget\QmitkDicomExternalDataWidget.cpp C:\Users\ming\Documents\MR_DWI\DicomWidget\Build\DicomUI_automoc.cpp
         QmitkDicomLocalStorageWidget.cpp
         QmitkDicomExternalDataWidget.cpp
         DicomUI_automoc.cpp
         Generating Code...
       Link:
         E:\Program Files (x86)\Microsoft Visual Studio 12.0\VC\bin\x86_amd64\link.exe /ERRORREPORT:PROMPT /OUT:"C:\Users\ming\Documents\MR_DWI\DicomWidget\Build\Release\DicomUI.exe" /INCREMENTAL:NO /NOLOGO kernel32.lib user32.lib gdi32.lib winspool.lib shell32.lib ole32.lib oleaut32.lib uuid.lib comdlg32.lib advapi32.lib "E:\Tech318\MITK\MITK\Build\ep\src\CTK-build\CTK-build\bin\Release\CTKDICOMWidgets.lib" "E:\Tech318\MITK\MITK\Build\ep\src\CTK-build\CTK-build\bin\Release\CTKDICOMCore.lib" E:\Qt\QT57\5.7\msvc2013_64\lib\Qt5Sql.lib E:\Tech318\MITK\MITK\Build\ep\lib\i2d.lib E:\Tech318\MITK\MITK\Build\ep\lib\dcmjpeg.lib E:\Tech318\MITK\MITK\Build\ep\lib\ijg8.lib E:\Tech318\MITK\MITK\Build\ep\lib\ijg12.lib E:\Tech318\MITK\MITK\Build\ep\lib\ijg16.lib E:\Tech318\MITK\MITK\Build\ep\lib\dcmjpls.lib E:\Tech318\MITK\MITK\Build\ep\lib\charls.lib E:\Tech318\MITK\MITK\Build\ep\lib\cmr.lib E:\Tech318\MITK\MITK\Build\ep\lib\dcmwlm.lib E:\Tech318\MITK\MITK\Build\ep\lib\dcmpstat.lib E:\Tech318\MITK\MITK\Build\ep\lib\dcmtls.lib E:\Tech318\MITK\MITK\Build\ep\lib\dcmsr.lib E:\Tech318\MITK\MITK\Build\ep\lib\dcmimage.lib E:\Tech318\MITK\MITK\Build\ep\lib\dcmdsig.lib E:\Tech318\MITK\MITK\Build\ep\lib\dcmqrdb.lib E:\Tech318\MITK\MITK\Build\ep\lib\dcmnet.lib E:\Tech318\MITK\MITK\Build\ep\lib\dcmrt.lib E:\Tech318\MITK\MITK\Build\ep\lib\dcmimgle.lib E:\Tech318\MITK\MITK\Build\ep\lib\dcmseg.lib E:\Tech318\MITK\MITK\Build\ep\lib\dcmfg.lib E:\Tech318\MITK\MITK\Build\ep\lib\dcmiod.lib E:\Tech318\MITK\MITK\Build\ep\lib\dcmdata.lib E:\Tech318\MITK\MITK\Build\ep\lib\oflog.lib E:\Tech318\MITK\MITK\Build\ep\lib\ofstd.lib ws2_32.lib netapi32.lib wsock32.lib "E:\Tech318\MITK\MITK\Build\ep\src\CTK-build\CTK-build\bin\Release\CTKWidgets.lib" E:\Qt\QT57\5.7\msvc2013_64\lib\Qt5OpenGL.lib E:\Qt\QT57\5.7\msvc2013_64\lib\Qt5Widgets.lib E:\Qt\QT57\5.7\msvc2013_64\lib\Qt5Gui.lib E:\Qt\QT57\5.7\msvc2013_64\lib\Qt5Xml.lib "E:\Tech318\MITK\MITK\Build\ep\src\CTK-build\CTK-build\bin\Release\CTKCore.lib" E:\Qt\QT57\5.7\msvc2013_64\lib\Qt5Core.lib dbghelp.lib /MANIFEST /MANIFESTUAC:"level='asInvoker' uiAccess='false'" /manifest:embed /PDB:"C:/Users/ming/Documents/MR_DWI/DicomWidget/Build/Release/DicomUI.pdb" /SUBSYSTEM:CONSOLE /TLBID:1 /DYNAMICBASE /NXCOMPAT /IMPLIB:"C:/Users/ming/Documents/MR_DWI/DicomWidget/Build/Release/DicomUI.lib" /MACHINE:X64  /machine:x64 DicomUI.dir\Release\QmitkDicomLocalStorageWidget.obj
         DicomUI.dir\Release\QmitkDicomExternalDataWidget.obj
         DicomUI.dir\Release\DicomUI_automoc.obj
     1>MSVCRT.lib(crtexe.obj) : error LNK2019: unresolved external symbol main referenced in function __tmainCRTStartup
     1>C:\Users\ming\Documents\MR_DWI\DicomWidget\Build\Release\DicomUI.exe : fatal error LNK1120: 1 unresolved externals
     1>Done Building Project "C:\Users\ming\Documents\MR_DWI\DicomWidget\Build\DicomUI.vcxproj" (Build target(s)) -- FAILED.

Build FAILED.

Time Elapsed 00:00:05.31
